<?xml version="1.0" encoding="UTF-8"?>
<!-- Generated by org.testng.reporters.JUnitReportReporter -->
<testsuite skipped="0" hostname="LAPTOP-RRO4KGR3" name="AddPlace_API" tests="1" failures="0" timestamp="23 Jan 2021 17:10:16 GMT" time="10.248" errors="0">
  <testcase name="apiTest" time="10.248" classname="AddPlace_API"/>
</testsuite> <!-- AddPlace_API -->
